timestamp: 2024-10-31T20:17:52.514355
CREATE TABLE "auth_user"(
    "id" INTEGER PRIMARY KEY AUTOINCREMENT,
    "username" CHAR(512) UNIQUE,
    "email" CHAR(512) UNIQUE,
    "password" CHAR(512),
    "first_name" CHAR(512),
    "last_name" CHAR(512),
    "sso_id" CHAR(512),
    "action_token" CHAR(512),
    "last_password_change" TIMESTAMP,
    "past_passwords_hash" TEXT
);
success!
timestamp: 2024-10-31T20:17:52.521250
CREATE TABLE "auth_user_tag_groups"(
    "id" INTEGER PRIMARY KEY AUTOINCREMENT,
    "tagpath" CHAR(512),
    "record_id" INTEGER REFERENCES "auth_user" ("id") ON DELETE CASCADE ON UPDATE CASCADE  
);
success!
timestamp: 2024-11-23T19:33:20.928957
CREATE TABLE `auth_user`(
    `id` INT AUTO_INCREMENT NOT NULL,
    `username` VARCHAR(512) UNIQUE,
    `email` VARCHAR(512) UNIQUE,
    `password` VARCHAR(512),
    `first_name` VARCHAR(512),
    `last_name` VARCHAR(512),
    `sso_id` VARCHAR(512),
    `action_token` VARCHAR(512),
    `last_password_change` DATETIME,
    `past_passwords_hash` LONGTEXT,
    PRIMARY KEY (`id`)
) ENGINE=InnoDB CHARACTER SET utf8;
timestamp: 2024-11-23T19:33:58.519958
CREATE TABLE `auth_user`(
    `id` INT AUTO_INCREMENT NOT NULL,
    `username` VARCHAR(512) UNIQUE,
    `email` VARCHAR(512) UNIQUE,
    `password` VARCHAR(512),
    `first_name` VARCHAR(512),
    `last_name` VARCHAR(512),
    `sso_id` VARCHAR(512),
    `action_token` VARCHAR(512),
    `last_password_change` DATETIME,
    `past_passwords_hash` LONGTEXT,
    PRIMARY KEY (`id`)
) ENGINE=InnoDB CHARACTER SET utf8;
